<?xml version="1.0" encoding="UTF-8"?>
<!-- Generated by org.testng.reporters.JUnitReportReporter -->
<testsuite hostname="DESKTOP-GNH1D8K" failures="0" tests="1" name="ModuleHome_Test.KiteHomeUserIdTest" time="11.997" errors="0" timestamp="2022-07-19T13:15:10 IST" skipped="0">
  <testcase classname="ModuleHome_Test.KiteHomeUserIdTest" name="verifyUserId" time="11.997"/>
  <system-out/>
</testsuite> <!-- ModuleHome_Test.KiteHomeUserIdTest -->
