<?xml version="1.0" encoding="UTF-8"?>
<!-- Generated by org.testng.reporters.JUnitReportReporter -->
<testsuite hostname="DESKTOP-GNH1D8K" failures="0" tests="6" name="ModuleLogin_Test.Login2PageTest" time="0.545" errors="0" timestamp="2022-07-19T13:15:10 IST" skipped="0">
  <testcase classname="ModuleLogin_Test.Login2PageTest" name="verifyContinueBtn" time="0.182"/>
  <system-out>
    <![CDATA[Continue button is enabled]]>
  </system-out>
  <testcase classname="ModuleLogin_Test.Login2PageTest" name="verifyForgot2FALink" time="0.116"/>
  <system-out>
    <![CDATA[Forgot 2FA link is Visible]]>
  </system-out>
  <testcase classname="ModuleLogin_Test.Login2PageTest" name="verifyLockIcon" time="0.077"/>
  <system-out>
    <![CDATA[lockIcon is present]]>
  </system-out>
  <testcase classname="ModuleLogin_Test.Login2PageTest" name="verifyLogo" time="0.062"/>
  <system-out>
    <![CDATA[Logo is present on Login2 page]]>
  </system-out>
  <testcase classname="ModuleLogin_Test.Login2PageTest" name="verifyUserIdTextBox" time="0.057"/>
  <system-out>
    <![CDATA[User Id is as per expected]]>
  </system-out>
  <testcase classname="ModuleLogin_Test.Login2PageTest" name="verifyPinTextBox" time="0.051"/>
  <system-out>
    <![CDATA[pin textbox is present]]>
  </system-out>
</testsuite> <!-- ModuleLogin_Test.Login2PageTest -->
