<?xml version="1.0" encoding="UTF-8"?>
<!-- Generated by org.testng.reporters.JUnitReportReporter -->
<testsuite hostname="DESKTOP-GNH1D8K" failures="0" tests="3" name="ModuleLogin_Test.Login1PageTest1" time="0.748" errors="0" timestamp="2022-07-19T13:15:10 IST" skipped="0">
  <testcase classname="ModuleLogin_Test.Login1PageTest1" name="VerifyLogoAndText" time="0.416"/>
  <system-out>
    <![CDATA[Logo and text for logo is present]]>
  </system-out>
  <testcase classname="ModuleLogin_Test.Login1PageTest1" name="verifyForgotAndSignupNowLinks" time="0.139"/>
  <system-out>
    <![CDATA[Sign up now link is present
Forget link is present]]>
  </system-out>
  <testcase classname="ModuleLogin_Test.Login1PageTest1" name="verifyUnPasswordLoginBtn" time="0.193"/>
  <system-out>
    <![CDATA[User id , password textBox fields are present
login button is available]]>
  </system-out>
</testsuite> <!-- ModuleLogin_Test.Login1PageTest1 -->
